[11:39:49] [main/INFO]: [OptiFine] (Reflector) Field not found: World.tileEntitiesToBeRemoved
[11:39:49] [main/INFO]: [OptiFine] (Reflector) Class not present: net.minecraftforge.eventbus.api.Event$Result
[11:39:49] [main/INFO]: [OptiFine] (Reflector) Method not present: net.minecraftforge.common.extensions.IForgeBlockState.hasTileEntity
[11:39:49] [main/INFO]: [OptiFine] (Reflector) Class not present: net.minecraftforge.common.extensions.IForgeEntity
[11:39:49] [main/INFO]: [OptiFine] (Reflector) Class not present: net.minecraftforge.fml.CrashReportExtender
[11:39:49] [main/INFO]: [OptiFine] (Reflector) Method not present: net.minecraft.tags.ItemTags.createOptional
[11:39:51] [main/INFO]: [OptiFine] (Reflector) Class not present: net.minecraftforge.client.ForgeHooksClient
[11:39:51] [main/INFO]: Environment: authHost='https://authserver.mojang.com', accountsHost='https://api.mojang.com', sessionHost='https://sessionserver.mojang.com', servicesHost='https://api.minecraftservices.com', name='PROD'
[11:39:52] [main/INFO]: Setting user: Player983
[11:39:52] [main/INFO]: [OptiFine] (Reflector) Class not present: net.minecraftforge.client.settings.KeyConflictContext
[11:39:52] [main/INFO]: [OptiFine] (Reflector) Class not present: net.minecraft.launchwrapper.Launch
[11:39:52] [main/INFO]: Backend library: LWJGL version 3.2.1 build 12
[11:39:52] [main/INFO]: [STDERR]: [LWJGL] [ERROR] Incompatible Java and native library versions detected.
Possible reasons:
	a) -Djava.library.path is set to a folder containing shared libraries of an older LWJGL version.
	b) The classpath contains jar files of an older LWJGL version.
Possible solutions:
	a) Make sure to not set -Djava.library.path (it is not needed for developing with LWJGL 3) or make
	   sure the folder it points to contains the shared libraries of the correct LWJGL version.
	b) Check the classpath and make sure to only have jar files of the same LWJGL version in it.
[11:39:52] [main/INFO]: [STDERR]: [LWJGL] [ERROR] Incompatible Java and native library versions detected.
Possible reasons:
	a) -Djava.library.path is set to a folder containing shared libraries of an older LWJGL version.
	b) The classpath contains jar files of an older LWJGL version.
Possible solutions:
	a) Make sure to not set -Djava.library.path (it is not needed for developing with LWJGL 3) or make
	   sure the folder it points to contains the shared libraries of the correct LWJGL version.
	b) Check the classpath and make sure to only have jar files of the same LWJGL version in it.
[11:39:52] [main/INFO]: [STDERR]: [LWJGL] [ERROR] Incompatible Java and native library versions detected.
Possible reasons:
	a) -Djava.library.path is set to a folder containing shared libraries of an older LWJGL version.
	b) The classpath contains jar files of an older LWJGL version.
Possible solutions:
	a) Make sure to not set -Djava.library.path (it is not needed for developing with LWJGL 3) or make
	   sure the folder it points to contains the shared libraries of the correct LWJGL version.
	b) Check the classpath and make sure to only have jar files of the same LWJGL version in it.
[11:39:52] [main/INFO]: [OptiFine] (Reflector) Method not present: net.minecraftforge.fml.loading.progress.EarlyProgressVisualization.handOffWindow
[11:39:53] [main/INFO]: [STDERR]: [LWJGL] [ERROR] Incompatible Java and native library versions detected.
Possible reasons:
	a) -Djava.library.path is set to a folder containing shared libraries of an older LWJGL version.
	b) The classpath contains jar files of an older LWJGL version.
Possible solutions:
	a) Make sure to not set -Djava.library.path (it is not needed for developing with LWJGL 3) or make
	   sure the folder it points to contains the shared libraries of the correct LWJGL version.
	b) Check the classpath and make sure to only have jar files of the same LWJGL version in it.
[11:39:53] [main/INFO]: [STDERR]: [LWJGL] [ERROR] Incompatible Java and native library versions detected.
Possible reasons:
	a) -Djava.library.path is set to a folder containing shared libraries of an older LWJGL version.
	b) The classpath contains jar files of an older LWJGL version.
Possible solutions:
	a) Make sure to not set -Djava.library.path (it is not needed for developing with LWJGL 3) or make
	   sure the folder it points to contains the shared libraries of the correct LWJGL version.
	b) Check the classpath and make sure to only have jar files of the same LWJGL version in it.
[11:39:53] [main/INFO]: [OptiFine] 
[11:39:53] [main/INFO]: [OptiFine] OptiFine_1.16.5_HD_U_G8
[11:39:53] [main/INFO]: [OptiFine] (Reflector) Class not present: optifine.OptiFineResourceLocator
[11:39:53] [main/INFO]: [OptiFine] Build: null
[11:39:53] [main/INFO]: [OptiFine] OS: Windows 10 (amd64) version 10.0
[11:39:53] [main/INFO]: [OptiFine] Java: 18.0.2, Amazon.com Inc.
[11:39:53] [main/INFO]: [OptiFine] VM: OpenJDK 64-Bit Server VM (mixed mode, sharing), Amazon.com Inc.
[11:39:53] [main/INFO]: [OptiFine] LWJGL: 3.3.0 Win32 WGL EGL VisualC DLL
[11:39:53] [main/INFO]: [OptiFine] OpenGL: NVIDIA GeForce GTX 1650/PCIe/SSE2, version 4.6.0 NVIDIA 561.09, NVIDIA Corporation
[11:39:53] [main/INFO]: [OptiFine] OpenGL Version: 4.6.0
[11:39:53] [main/INFO]: [OptiFine] Maximum texture size: 32768x32768
[11:39:53] [VersionCheck/INFO]: [OptiFine] Checking for new version
[11:39:53] [main/INFO]: [Shaders] OpenGL Version: 4.6.0 NVIDIA 561.09
[11:39:53] [main/INFO]: [Shaders] Vendor:  NVIDIA Corporation
[11:39:53] [main/INFO]: [Shaders] Renderer: NVIDIA GeForce GTX 1650/PCIe/SSE2
[11:39:53] [main/INFO]: [Shaders] Capabilities:  2.0  2.1  3.0  3.2  4.0 
[11:39:53] [main/INFO]: [Shaders] GL_MAX_DRAW_BUFFERS: 8
[11:39:53] [main/INFO]: [Shaders] GL_MAX_COLOR_ATTACHMENTS_EXT: 8
[11:39:53] [main/INFO]: [Shaders] GL_MAX_TEXTURE_IMAGE_UNITS: 32
[11:39:53] [main/INFO]: [Shaders] Load shaders configuration.
[11:39:53] [main/INFO]: [Shaders] Save shaders configuration.
[11:39:53] [main/INFO]: [Shaders] No shaderpack loaded.
[11:39:53] [main/INFO]: [OptiFine] (Reflector) Class not present: net.minecraftforge.fml.common.Loader
[11:39:53] [main/WARN]: [OptiFine] java.lang.ClassNotFoundException: sun.misc.SharedSecrets
[11:39:53] [main/WARN]: [OptiFine] java.lang.ClassNotFoundException: jdk.internal.misc.SharedSecrets
[11:39:53] [main/WARN]: [OptiFine] java.lang.ClassNotFoundException: sun.misc.VM
[11:39:53] [main/WARN]: [OptiFine] java.lang.reflect.InaccessibleObjectException: Unable to make public static long jdk.internal.misc.VM.maxDirectMemory() accessible: module java.base does not "exports jdk.internal.misc" to unnamed module @78186a70
[11:39:53] [main/INFO]: [OptiFine] (Reflector) Class not present: net.minecraftforge.client.ItemModelMesherForge
[11:39:53] [main/INFO]: [OptiFine] (Reflector) Class not present: net.minecraftforge.client.model.pipeline.ForgeBlockModelRenderer
[11:39:53] [main/WARN]: ERROR : Couldn't load Narrator library : Unable to load library 'SAPIWrapper_x64': Can't obtain InputStream for win32-x86-64/SAPIWrapper_x64.dll
ERROR : Couldn't load Narrator library : Unable to load library 'SAPIWrapper_x86': Can't obtain InputStream for win32-x86-64/SAPIWrapper_x86.dll

[11:39:53] [main/INFO]: [OptiFine] (Reflector) Class not present: net.minecraftforge.fml.client.gui.screen.ModListScreen
[11:39:54] [main/INFO]: [OptiFine] (Reflector) Class not present: net.minecraftforge.client.gui.NotificationModUpdateScreen
[11:39:54] [main/INFO]: Reloading ResourceManager: Default
[11:39:54] [main/INFO]: [OptiFine] *** Reloading textures ***
[11:39:54] [main/INFO]: [OptiFine] Resource packs: Default
[11:39:54] [main/INFO]: [OptiFine] (Reflector) Method not present: net.minecraft.client.renderer.RenderTypeLookup.canRenderInLayer
[11:39:54] [main/INFO]: [OptiFine] *** Reflector Forge ***
[11:39:54] [main/INFO]: [OptiFine] (Reflector) Class not present: mods.betterfoliage.client.BetterFoliageClient
[11:39:54] [main/INFO]: [OptiFine] (Reflector) Class not present: net.minecraftforge.fml.BrandingControl
[11:39:54] [main/INFO]: [OptiFine] (Reflector) Class not present: net.minecraftforge.common.capabilities.ICapabilityProvider
[11:39:54] [main/INFO]: [OptiFine] (Reflector) Class not present: net.minecraftforge.common.capabilities.CapabilityProvider
[11:39:54] [main/INFO]: [OptiFine] (Reflector) Class not present: net.minecraftforge.fml.client.ClientModLoader
[11:39:54] [main/INFO]: [OptiFine] (Reflector) Class not present: net.minecraftforge.event.world.ChunkDataEvent$Save
[11:39:54] [main/INFO]: [OptiFine] (Reflector) Class not present: net.minecraftforge.event.world.ChunkEvent$Load
[11:39:54] [main/INFO]: [OptiFine] (Reflector) Class not present: net.minecraftforge.event.world.ChunkEvent$Unload
[11:39:54] [main/INFO]: [OptiFine] (Reflector) Class not present: net.minecraftforge.fml.client.ClientHooks
[11:39:54] [main/INFO]: [OptiFine] (Reflector) Class not present: net.minecraftforge.client.event.GuiScreenEvent$DrawScreenEvent$Pre
[11:39:54] [main/INFO]: [OptiFine] (Reflector) Class not present: net.minecraftforge.client.event.GuiScreenEvent$DrawScreenEvent$Post
[11:39:54] [main/INFO]: [OptiFine] (Reflector) Class not present: net.minecraftforge.event.entity.EntityLeaveWorldEvent
[11:39:54] [main/INFO]: [OptiFine] (Reflector) Class not present: net.minecraftforge.client.event.EntityViewRenderEvent$CameraSetup
[11:39:54] [main/INFO]: [OptiFine] (Reflector) Class not present: net.minecraftforge.client.event.EntityViewRenderEvent$FogColors
[11:39:54] [main/INFO]: [OptiFine] (Reflector) Class not present: net.minecraftforge.client.event.EntityViewRenderEvent$RenderFogEvent
[11:39:54] [main/INFO]: [OptiFine] (Reflector) Class not present: net.minecraftforge.event.entity.EntityJoinWorldEvent
[11:39:54] [main/INFO]: [OptiFine] (Reflector) Method not present: net.minecraftforge.eventbus.api.Event.isCanceled
[11:39:54] [main/INFO]: [OptiFine] (Reflector) Method not present: net.minecraftforge.eventbus.api.Event.getResult
[11:39:54] [main/INFO]: [OptiFine] (Reflector) Class not present: net.minecraftforge.eventbus.api.IEventBus
[11:39:54] [main/INFO]: [OptiFine] (Reflector) Class not present: net.minecraftforge.common.extensions.IForgeBlock
[11:39:54] [main/INFO]: [OptiFine] (Reflector) Method not present: net.minecraft.client.renderer.BlockModelShapes.getTexture
[11:39:54] [main/INFO]: [OptiFine] (Reflector) Method not present: net.minecraftforge.common.extensions.IForgeBlockState.addDestroyEffects
[11:39:54] [main/INFO]: [OptiFine] (Reflector) Method not present: net.minecraftforge.common.extensions.IForgeBlockState.addHitEffects
[11:39:54] [main/INFO]: [OptiFine] (Reflector) Method not present: net.minecraftforge.common.extensions.IForgeBlockState.getLightValue
[11:39:54] [main/INFO]: [OptiFine] (Reflector) Method not present: net.minecraftforge.common.extensions.IForgeBlockState.getSoundType
[11:39:54] [main/INFO]: [OptiFine] (Reflector) Method not present: net.minecraftforge.common.extensions.IForgeBlockState.getStateAtViewpoint
[11:39:54] [main/INFO]: [OptiFine] (Reflector) Method not present: net.minecraftforge.common.extensions.IForgeBlockState.isAir
[11:39:54] [main/INFO]: [OptiFine] (Reflector) Method not present: net.minecraftforge.common.extensions.IForgeBlockState.shouldDisplayFluidOverlay
[11:39:54] [main/INFO]: [OptiFine] (Reflector) Class not present: net.minecraftforge.common.extensions.IForgeFluid
[11:39:54] [main/INFO]: [OptiFine] (Reflector) Class not present: net.minecraftforge.fluids.FluidAttributes
[11:39:54] [main/INFO]: [OptiFine] (Reflector) Method not present: net.minecraft.entity.EntityType.getTags
[11:39:54] [main/INFO]: [OptiFine] (Reflector) Class not present: net.minecraftforge.event.ForgeEventFactory
[11:39:54] [main/INFO]: [OptiFine] (Reflector) Method not present: net.minecraft.fluid.Fluid.getTags
[11:39:54] [main/INFO]: [OptiFine] (Reflector) Class not present: net.minecraftforge.common.ForgeHooks
[11:39:54] [main/INFO]: [OptiFine] (Reflector) Class not present: net.minecraftforge.common.ForgeConfig
[11:39:54] [main/INFO]: [OptiFine] (Reflector) Class not present: net.minecraftforge.common.ForgeConfig$Client
[11:39:54] [main/INFO]: [OptiFine] (Reflector) Class not present: net.minecraftforge.common.ForgeConfigSpec
[11:39:54] [main/INFO]: [OptiFine] (Reflector) Class not present: net.minecraftforge.common.ForgeConfigSpec$ConfigValue
[11:39:54] [main/INFO]: [OptiFine] (Reflector) Method not present: net.minecraft.world.chunk.IChunk.getWorldForge
[11:39:54] [main/INFO]: [OptiFine] (Reflector) Class not present: net.minecraftforge.common.extensions.IForgeItem
[11:39:54] [main/INFO]: [OptiFine] (Reflector) Class not present: net.minecraftforge.common.extensions.IForgeItemStack
[11:39:54] [main/INFO]: [OptiFine] (Reflector) Class not present: net.minecraftforge.fml.ForgeI18n
[11:39:54] [main/INFO]: [OptiFine] (Reflector) Method not present: net.minecraft.client.settings.KeyBinding.setKeyConflictContext
[11:39:54] [main/INFO]: [OptiFine] (Reflector) Method not present: net.minecraft.client.settings.KeyBinding.setKeyModifierAndCode
[11:39:54] [main/INFO]: [OptiFine] (Reflector) Method not present: net.minecraft.client.settings.KeyBinding.getKeyModifier
[11:39:54] [main/INFO]: [OptiFine] (Reflector) Class not present: net.minecraftforge.common.extensions.IForgeEffectInstance
[11:39:54] [main/INFO]: [OptiFine] (Reflector) Class not present: net.minecraftforge.registries.ForgeRegistryEntry
[11:39:54] [main/INFO]: [OptiFine] (Reflector) Method not present: net.minecraft.client.renderer.RenderTypeLookup.canRenderInLayer
[11:39:54] [main/INFO]: [OptiFine] (Reflector) Constructor not present: net.minecraft.world.server.Ticket, params: class net.minecraft.world.server.TicketType, int, class java.lang.Object, boolean
[11:39:54] [main/INFO]: [OptiFine] (Reflector) Method not present: net.minecraft.world.server.Ticket.isForceTicks
[11:39:54] [main/INFO]: [OptiFine] (Reflector) Class not present: net.minecraftforge.common.extensions.IForgeTileEntity
[11:39:54] [main/INFO]: [OptiFine] (Reflector) Method not present: net.minecraft.client.world.DimensionRenderInfo.getCloudRenderHandler
[11:39:54] [main/INFO]: [OptiFine] (Reflector) Method not present: net.minecraft.client.world.DimensionRenderInfo.getSkyRenderHandler
[11:39:54] [main/INFO]: [OptiFine] (Reflector) Method not present: net.minecraft.client.world.DimensionRenderInfo.getWeatherParticleRenderHandler
[11:39:54] [main/INFO]: [OptiFine] (Reflector) Method not present: net.minecraft.client.world.DimensionRenderInfo.getWeatherRenderHandler
[11:39:54] [main/INFO]: [OptiFine] (Reflector) Class not present: net.minecraftforge.client.IRenderHandler
[11:39:54] [main/INFO]: [OptiFine] (Reflector) Class not present: net.minecraftforge.client.settings.KeyModifier
[11:39:54] [main/INFO]: [OptiFine] (Reflector) Class not present: net.minecraftforge.client.model.pipeline.LightUtil
[11:39:54] [main/INFO]: [OptiFine] (Reflector) Class not present: net.minecraftforge.common.MinecraftForge
[11:39:54] [main/INFO]: [OptiFine] (Reflector) Class not present: net.minecraftforge.client.MinecraftForgeClient
[11:39:54] [main/INFO]: [OptiFine] (Reflector) Class not present: net.minecraftforge.fml.common.ModContainer
[11:39:54] [main/INFO]: [OptiFine] (Reflector) Class not present: net.minecraftforge.client.model.ModelLoaderRegistry
[11:39:54] [main/INFO]: [OptiFine] (Reflector) Class not present: net.minecraftforge.entity.PartEntity
[11:39:54] [main/INFO]: [OptiFine] (Reflector) Class not present: net.minecraftforge.event.entity.PlaySoundAtEntityEvent
[11:39:54] [main/INFO]: [OptiFine] (Reflector) Class not present: net.minecraftforge.client.event.RenderBlockOverlayEvent$OverlayType
[11:39:54] [main/INFO]: [OptiFine] (Reflector) Class not present: net.minecraftforge.fml.client.registry.RenderingRegistry
[11:39:54] [main/INFO]: [OptiFine] (Reflector) Class not present: net.minecraftforge.client.event.RenderGameOverlayEvent$BossInfo
[11:39:54] [main/INFO]: [OptiFine] (Reflector) Class not present: net.minecraftforge.client.event.RenderItemInFrameEvent
[11:39:54] [main/INFO]: [OptiFine] (Reflector) Class not present: net.minecraftforge.client.event.RenderLivingEvent$Pre
[11:39:54] [main/INFO]: [OptiFine] (Reflector) Class not present: net.minecraftforge.client.event.RenderLivingEvent$Post
[11:39:54] [main/INFO]: [OptiFine] (Reflector) Class not present: net.minecraftforge.client.event.RenderNameplateEvent
[11:39:54] [main/INFO]: [OptiFine] (Reflector) Class not present: net.minecraftforge.client.event.ScreenshotEvent
[11:39:54] [main/INFO]: [OptiFine] (Reflector) Class not present: net.minecraftforge.fml.server.ServerLifecycleHooks
[11:39:54] [main/INFO]: [OptiFine] (Reflector) Class not present: net.minecraftforge.event.world.WorldEvent$Load
[11:39:54] [main/INFO]: [OptiFine] *** Reflector Vanilla ***
[11:39:54] [Worker-Main-8/INFO]: [OptiFine] Multitexture: false
[11:39:54] [Worker-Main-11/INFO]: [OptiFine] Multitexture: false
[11:39:54] [Worker-Main-12/INFO]: [OptiFine] Multitexture: false
[11:39:54] [Realms Notification Availability checker #1/INFO]: Could not authorize you against Realms server: java.lang.RuntimeException: Failed to parse into SignedJWT: 0
[11:39:56] [Worker-Main-10/INFO]: [OptiFine] Multitexture: false
[11:39:56] [Worker-Main-10/INFO]: [OptiFine] ConnectedTextures: optifine/ctm/default/00_glass_white/glass_pane_white.properties
[11:39:56] [Worker-Main-10/INFO]: [OptiFine] ConnectedTextures: optifine/ctm/default/00_glass_white/glass_white.properties
[11:39:56] [Worker-Main-10/INFO]: [OptiFine] ConnectedTextures: optifine/ctm/default/01_glass_orange/glass_orange.properties
[11:39:56] [Worker-Main-10/INFO]: [OptiFine] ConnectedTextures: optifine/ctm/default/01_glass_orange/glass_pane_orange.properties
[11:39:56] [Worker-Main-10/INFO]: [OptiFine] ConnectedTextures: optifine/ctm/default/02_glass_magenta/glass_magenta.properties
[11:39:56] [Worker-Main-10/INFO]: [OptiFine] ConnectedTextures: optifine/ctm/default/02_glass_magenta/glass_pane_magenta.properties
[11:39:56] [Worker-Main-10/INFO]: [OptiFine] ConnectedTextures: optifine/ctm/default/03_glass_light_blue/glass_light_blue.properties
[11:39:56] [Worker-Main-10/INFO]: [OptiFine] ConnectedTextures: optifine/ctm/default/03_glass_light_blue/glass_pane_light_blue.properties
[11:39:56] [Worker-Main-10/INFO]: [OptiFine] ConnectedTextures: optifine/ctm/default/04_glass_yellow/glass_pane_yellow.properties
[11:39:56] [Worker-Main-10/INFO]: [OptiFine] ConnectedTextures: optifine/ctm/default/04_glass_yellow/glass_yellow.properties
[11:39:56] [Worker-Main-10/INFO]: [OptiFine] ConnectedTextures: optifine/ctm/default/05_glass_lime/glass_lime.properties
[11:39:56] [Worker-Main-10/INFO]: [OptiFine] ConnectedTextures: optifine/ctm/default/05_glass_lime/glass_pane_lime.properties
[11:39:56] [Worker-Main-10/INFO]: [OptiFine] ConnectedTextures: optifine/ctm/default/06_glass_pink/glass_pane_pink.properties
[11:39:56] [Worker-Main-10/INFO]: [OptiFine] ConnectedTextures: optifine/ctm/default/06_glass_pink/glass_pink.properties
[11:39:56] [Worker-Main-10/INFO]: [OptiFine] ConnectedTextures: optifine/ctm/default/07_glass_gray/glass_gray.properties
[11:39:56] [Worker-Main-10/INFO]: [OptiFine] ConnectedTextures: optifine/ctm/default/07_glass_gray/glass_pane_gray.properties
[11:39:56] [Worker-Main-10/INFO]: [OptiFine] ConnectedTextures: optifine/ctm/default/08_glass_light_gray/glass_light_gray.properties
[11:39:56] [Worker-Main-10/INFO]: [OptiFine] ConnectedTextures: optifine/ctm/default/08_glass_light_gray/glass_pane_light_gray.properties
[11:39:56] [Worker-Main-10/INFO]: [OptiFine] ConnectedTextures: optifine/ctm/default/09_glass_cyan/glass_cyan.properties
[11:39:56] [Worker-Main-10/INFO]: [OptiFine] ConnectedTextures: optifine/ctm/default/09_glass_cyan/glass_pane_cyan.properties
[11:39:56] [Worker-Main-10/INFO]: [OptiFine] ConnectedTextures: optifine/ctm/default/10_glass_purple/glass_pane_purple.properties
[11:39:56] [Worker-Main-10/INFO]: [OptiFine] ConnectedTextures: optifine/ctm/default/10_glass_purple/glass_purple.properties
[11:39:56] [Worker-Main-10/INFO]: [OptiFine] ConnectedTextures: optifine/ctm/default/11_glass_blue/glass_blue.properties
[11:39:56] [Worker-Main-10/INFO]: [OptiFine] ConnectedTextures: optifine/ctm/default/11_glass_blue/glass_pane_blue.properties
[11:39:56] [Worker-Main-10/INFO]: [OptiFine] ConnectedTextures: optifine/ctm/default/12_glass_brown/glass_brown.properties
[11:39:56] [Worker-Main-10/INFO]: [OptiFine] ConnectedTextures: optifine/ctm/default/12_glass_brown/glass_pane_brown.properties
[11:39:56] [Worker-Main-10/INFO]: [OptiFine] ConnectedTextures: optifine/ctm/default/13_glass_green/glass_green.properties
[11:39:56] [Worker-Main-10/INFO]: [OptiFine] ConnectedTextures: optifine/ctm/default/13_glass_green/glass_pane_green.properties
[11:39:56] [Worker-Main-10/INFO]: [OptiFine] ConnectedTextures: optifine/ctm/default/14_glass_red/glass_pane_red.properties
[11:39:56] [Worker-Main-10/INFO]: [OptiFine] ConnectedTextures: optifine/ctm/default/14_glass_red/glass_red.properties
[11:39:56] [Worker-Main-10/INFO]: [OptiFine] ConnectedTextures: optifine/ctm/default/15_glass_black/glass_black.properties
[11:39:56] [Worker-Main-10/INFO]: [OptiFine] ConnectedTextures: optifine/ctm/default/15_glass_black/glass_pane_black.properties
[11:39:56] [Worker-Main-10/INFO]: [OptiFine] ConnectedTextures: optifine/ctm/default/20_glass/glass.properties
[11:39:56] [Worker-Main-10/INFO]: [OptiFine] ConnectedTextures: optifine/ctm/default/20_glass/glass_pane.properties
[11:39:56] [Worker-Main-10/INFO]: [OptiFine] ConnectedTextures: optifine/ctm/default/30_bookshelf/bookshelf.properties
[11:39:56] [Worker-Main-10/INFO]: [OptiFine] ConnectedTextures: optifine/ctm/default/40_sandstone/sandstone.properties
[11:39:56] [Worker-Main-10/INFO]: [OptiFine] ConnectedTextures: optifine/ctm/default/41_red_sandstone/red_sandstone.properties
[11:39:56] [Worker-Main-10/INFO]: [OptiFine] Multipass connected textures: false
[11:39:56] [Worker-Main-10/INFO]: [OptiFine] BetterGrass: Parsing default configuration optifine/bettergrass.properties
[11:39:59] [Worker-Main-10/INFO]: [OptiFine] Mipmap levels: 4
[11:39:59] [Worker-Main-10/INFO]: [OptiFine] Multitexture: false
[11:39:59] [Worker-Main-10/INFO]: [OptiFine] Sprite size: 64
[11:39:59] [Worker-Main-10/INFO]: [OptiFine] Mipmap levels: 6
[11:39:59] [Worker-Main-10/INFO]: [OptiFine] Multitexture: false
[11:39:59] [Worker-Main-10/INFO]: [OptiFine] Sprite size: 64
[11:39:59] [Worker-Main-10/INFO]: [OptiFine] Mipmap levels: 6
[11:39:59] [Worker-Main-10/INFO]: [OptiFine] Multitexture: false
[11:39:59] [Worker-Main-10/INFO]: [OptiFine] Sprite size: 64
[11:39:59] [Worker-Main-10/INFO]: [OptiFine] Mipmap levels: 6
[11:39:59] [Worker-Main-10/INFO]: [OptiFine] Multitexture: false
[11:39:59] [Worker-Main-10/INFO]: [OptiFine] Sprite size: 64
[11:39:59] [Worker-Main-10/INFO]: [OptiFine] Mipmap levels: 6
[11:39:59] [Worker-Main-10/INFO]: [OptiFine] Multitexture: false
[11:39:59] [Worker-Main-10/INFO]: [OptiFine] Sprite size: 64
[11:39:59] [Worker-Main-10/INFO]: [OptiFine] Mipmap levels: 6
[11:39:59] [Worker-Main-10/INFO]: [OptiFine] Multitexture: false
[11:39:59] [Worker-Main-10/INFO]: [OptiFine] Sprite size: 64
[11:39:59] [Worker-Main-10/INFO]: [OptiFine] Mipmap levels: 6
[11:39:59] [main/INFO]: [STDERR]: [LWJGL] [ERROR] Incompatible Java and native library versions detected.
Possible reasons:
	a) -Djava.library.path is set to a folder containing shared libraries of an older LWJGL version.
	b) The classpath contains jar files of an older LWJGL version.
Possible solutions:
	a) Make sure to not set -Djava.library.path (it is not needed for developing with LWJGL 3) or make
	   sure the folder it points to contains the shared libraries of the correct LWJGL version.
	b) Check the classpath and make sure to only have jar files of the same LWJGL version in it.
[11:39:59] [main/INFO]: OpenAL initialized.
[11:39:59] [main/INFO]: Sound engine started
[11:40:00] [main/INFO]: Created: 1024x512x4 minecraft:textures/atlas/blocks.png-atlas
[11:40:00] [main/INFO]: [OptiFine] Animated sprites: 43
[11:40:00] [main/INFO]: Created: 256x128x4 minecraft:textures/atlas/signs.png-atlas
[11:40:00] [main/INFO]: [OptiFine] Animated sprites: 0
[11:40:00] [main/INFO]: Created: 512x512x4 minecraft:textures/atlas/banner_patterns.png-atlas
[11:40:00] [main/INFO]: [OptiFine] Animated sprites: 0
[11:40:00] [main/INFO]: Created: 512x512x4 minecraft:textures/atlas/shield_patterns.png-atlas
[11:40:00] [main/INFO]: [OptiFine] Animated sprites: 0
[11:40:00] [main/INFO]: Created: 256x256x4 minecraft:textures/atlas/chest.png-atlas
[11:40:00] [main/INFO]: [OptiFine] Animated sprites: 0
[11:40:00] [main/INFO]: Created: 512x256x4 minecraft:textures/atlas/beds.png-atlas
[11:40:00] [main/INFO]: [OptiFine] Animated sprites: 0
[11:40:00] [main/INFO]: Created: 512x256x4 minecraft:textures/atlas/shulker_boxes.png-atlas
[11:40:00] [main/INFO]: [OptiFine] Animated sprites: 0
[11:40:00] [main/INFO]: Created: 256x256x0 minecraft:textures/atlas/particles.png-atlas
[11:40:00] [main/INFO]: [OptiFine] Animated sprites: 0
[11:40:00] [main/INFO]: Created: 256x256x0 minecraft:textures/atlas/paintings.png-atlas
[11:40:00] [main/INFO]: [OptiFine] Animated sprites: 0
[11:40:00] [main/INFO]: Created: 128x128x0 minecraft:textures/atlas/mob_effects.png-atlas
[11:40:00] [main/INFO]: [OptiFine] Animated sprites: 0
[11:40:00] [main/INFO]: [OptiFine] *** Reloading custom textures ***
[11:40:02] [main/INFO]: [OptiFine] Disable Forge light pipeline
[11:40:33] [VersionCheck/INFO]: [OptiFine] java.net.SocketException: Read failed
[11:40:57] [main/INFO]: Stopping!
